Performing C SOURCE FILE Test CMAKE_HAVE_LIBC_PTHREAD failed with the following output:
Change Dir: /Users/anton/AndroidStudioProjects/libs/mbedtls/build/arm64-v8a/CMakeFiles/CMakeTmp

Run Build Command(s):/usr/bin/make cmTC_8904f/fast && /Applications/Xcode.app/Contents/Developer/usr/bin/make  -f CMakeFiles/cmTC_8904f.dir/build.make CMakeFiles/cmTC_8904f.dir/build
Building C object CMakeFiles/cmTC_8904f.dir/src.c.o
/Users/anton/Library/Android/sdk/ndk/23.1.7779620-2/toolchains/llvm/prebuilt/darwin-x86_64/bin/clang --target=aarch64-none-linux-android21 --gcc-toolchain=/Users/anton/Library/Android/sdk/ndk/23.1.7779620-2/toolchains/llvm/prebuilt/darwin-x86_64 --sysroot=/Users/anton/Library/Android/sdk/ndk/23.1.7779620-2/toolchains/llvm/prebuilt/darwin-x86_64/sysroot   -g -DANDROID -fdata-sections -ffunction-sections -funwind-tables -fstack-protector-strong -no-canonical-prefixes -D_FORTIFY_SOURCE=2 -Wformat -Werror=format-security  -Wall -Wextra -Wwrite-strings -Wpointer-arith -Wimplicit-fallthrough -Wshadow -Wvla -Wformat=2 -Wno-format-nonliteral -Werror -DCMAKE_HAVE_LIBC_PTHREAD -fPIE -o CMakeFiles/cmTC_8904f.dir/src.c.o -c /Users/anton/AndroidStudioProjects/libs/mbedtls/build/arm64-v8a/CMakeFiles/CMakeTmp/src.c
/Users/anton/AndroidStudioProjects/libs/mbedtls/build/arm64-v8a/CMakeFiles/CMakeTmp/src.c:13:3: error: implicit declaration of function 'pthread_cancel' is invalid in C99 [-Werror,-Wimplicit-function-declaration]
  pthread_cancel(thread);
  ^
/Users/anton/AndroidStudioProjects/libs/mbedtls/build/arm64-v8a/CMakeFiles/CMakeTmp/src.c:13:3: note: did you mean 'pthread_once'?
/Users/anton/Library/Android/sdk/ndk/23.1.7779620-2/toolchains/llvm/prebuilt/darwin-x86_64/sysroot/usr/include/pthread.h:275:5: note: 'pthread_once' declared here
int pthread_once(pthread_once_t* __once, void (*__init_routine)(void));
    ^
1 error generated.
make[1]: *** [CMakeFiles/cmTC_8904f.dir/src.c.o] Error 1
make: *** [cmTC_8904f/fast] Error 2


Source file was:
#include <pthread.h>

void* test_func(void* data)
{
  return data;
}

int main(void)
{
  pthread_t thread;
  pthread_create(&thread, NULL, test_func, NULL);
  pthread_detach(thread);
  pthread_cancel(thread);
  pthread_join(thread, NULL);
  pthread_atfork(NULL, NULL, NULL);
  pthread_exit(NULL);

  return 0;
}

Determining if the function pthread_create exists in the pthreads failed with the following output:
Change Dir: /Users/anton/AndroidStudioProjects/libs/mbedtls/build/arm64-v8a/CMakeFiles/CMakeTmp

Run Build Command(s):/usr/bin/make cmTC_f0ce0/fast && /Applications/Xcode.app/Contents/Developer/usr/bin/make  -f CMakeFiles/cmTC_f0ce0.dir/build.make CMakeFiles/cmTC_f0ce0.dir/build
Building C object CMakeFiles/cmTC_f0ce0.dir/CheckFunctionExists.c.o
/Users/anton/Library/Android/sdk/ndk/23.1.7779620-2/toolchains/llvm/prebuilt/darwin-x86_64/bin/clang --target=aarch64-none-linux-android21 --gcc-toolchain=/Users/anton/Library/Android/sdk/ndk/23.1.7779620-2/toolchains/llvm/prebuilt/darwin-x86_64 --sysroot=/Users/anton/Library/Android/sdk/ndk/23.1.7779620-2/toolchains/llvm/prebuilt/darwin-x86_64/sysroot   -g -DANDROID -fdata-sections -ffunction-sections -funwind-tables -fstack-protector-strong -no-canonical-prefixes -D_FORTIFY_SOURCE=2 -Wformat -Werror=format-security  -Wall -Wextra -Wwrite-strings -Wpointer-arith -Wimplicit-fallthrough -Wshadow -Wvla -Wformat=2 -Wno-format-nonliteral -Werror -DCHECK_FUNCTION_EXISTS=pthread_create -fPIE -o CMakeFiles/cmTC_f0ce0.dir/CheckFunctionExists.c.o -c /Users/anton/Library/Android/sdk/cmake/3.18.1/share/cmake-3.18/Modules/CheckFunctionExists.c
Linking C executable cmTC_f0ce0
/Users/anton/Library/Android/sdk/cmake/3.18.1/bin/cmake -E cmake_link_script CMakeFiles/cmTC_f0ce0.dir/link.txt --verbose=1
/Users/anton/Library/Android/sdk/ndk/23.1.7779620-2/toolchains/llvm/prebuilt/darwin-x86_64/bin/clang --target=aarch64-none-linux-android21 --gcc-toolchain=/Users/anton/Library/Android/sdk/ndk/23.1.7779620-2/toolchains/llvm/prebuilt/darwin-x86_64 --sysroot=/Users/anton/Library/Android/sdk/ndk/23.1.7779620-2/toolchains/llvm/prebuilt/darwin-x86_64/sysroot -g -DANDROID -fdata-sections -ffunction-sections -funwind-tables -fstack-protector-strong -no-canonical-prefixes -D_FORTIFY_SOURCE=2 -Wformat -Werror=format-security  -Wall -Wextra -Wwrite-strings -Wpointer-arith -Wimplicit-fallthrough -Wshadow -Wvla -Wformat=2 -Wno-format-nonliteral -Werror -DCHECK_FUNCTION_EXISTS=pthread_create -static-libstdc++ -Wl,--build-id=sha1 -Wl,--no-rosegment -Wl,--fatal-warnings -Wl,--no-undefined -Qunused-arguments -Wl,--gc-sections   CMakeFiles/cmTC_f0ce0.dir/CheckFunctionExists.c.o -o cmTC_f0ce0  -lpthreads -latomic -lm 
ld: error: unable to find library -lpthreads
clang: error: linker command failed with exit code 1 (use -v to see invocation)
make[1]: *** [cmTC_f0ce0] Error 1
make: *** [cmTC_f0ce0/fast] Error 2



Determining if the function pthread_create exists in the pthread failed with the following output:
Change Dir: /Users/anton/AndroidStudioProjects/libs/mbedtls/build/arm64-v8a/CMakeFiles/CMakeTmp

Run Build Command(s):/usr/bin/make cmTC_e4d57/fast && /Applications/Xcode.app/Contents/Developer/usr/bin/make  -f CMakeFiles/cmTC_e4d57.dir/build.make CMakeFiles/cmTC_e4d57.dir/build
Building C object CMakeFiles/cmTC_e4d57.dir/CheckFunctionExists.c.o
/Users/anton/Library/Android/sdk/ndk/23.1.7779620-2/toolchains/llvm/prebuilt/darwin-x86_64/bin/clang --target=aarch64-none-linux-android21 --gcc-toolchain=/Users/anton/Library/Android/sdk/ndk/23.1.7779620-2/toolchains/llvm/prebuilt/darwin-x86_64 --sysroot=/Users/anton/Library/Android/sdk/ndk/23.1.7779620-2/toolchains/llvm/prebuilt/darwin-x86_64/sysroot   -g -DANDROID -fdata-sections -ffunction-sections -funwind-tables -fstack-protector-strong -no-canonical-prefixes -D_FORTIFY_SOURCE=2 -Wformat -Werror=format-security  -Wall -Wextra -Wwrite-strings -Wpointer-arith -Wimplicit-fallthrough -Wshadow -Wvla -Wformat=2 -Wno-format-nonliteral -Werror -DCHECK_FUNCTION_EXISTS=pthread_create -fPIE -o CMakeFiles/cmTC_e4d57.dir/CheckFunctionExists.c.o -c /Users/anton/Library/Android/sdk/cmake/3.18.1/share/cmake-3.18/Modules/CheckFunctionExists.c
Linking C executable cmTC_e4d57
/Users/anton/Library/Android/sdk/cmake/3.18.1/bin/cmake -E cmake_link_script CMakeFiles/cmTC_e4d57.dir/link.txt --verbose=1
/Users/anton/Library/Android/sdk/ndk/23.1.7779620-2/toolchains/llvm/prebuilt/darwin-x86_64/bin/clang --target=aarch64-none-linux-android21 --gcc-toolchain=/Users/anton/Library/Android/sdk/ndk/23.1.7779620-2/toolchains/llvm/prebuilt/darwin-x86_64 --sysroot=/Users/anton/Library/Android/sdk/ndk/23.1.7779620-2/toolchains/llvm/prebuilt/darwin-x86_64/sysroot -g -DANDROID -fdata-sections -ffunction-sections -funwind-tables -fstack-protector-strong -no-canonical-prefixes -D_FORTIFY_SOURCE=2 -Wformat -Werror=format-security  -Wall -Wextra -Wwrite-strings -Wpointer-arith -Wimplicit-fallthrough -Wshadow -Wvla -Wformat=2 -Wno-format-nonliteral -Werror -DCHECK_FUNCTION_EXISTS=pthread_create -static-libstdc++ -Wl,--build-id=sha1 -Wl,--no-rosegment -Wl,--fatal-warnings -Wl,--no-undefined -Qunused-arguments -Wl,--gc-sections   CMakeFiles/cmTC_e4d57.dir/CheckFunctionExists.c.o -o cmTC_e4d57  -lpthread -latomic -lm 
ld: error: unable to find library -lpthread
clang: error: linker command failed with exit code 1 (use -v to see invocation)
make[1]: *** [cmTC_e4d57] Error 1
make: *** [cmTC_e4d57/fast] Error 2



