Performing C++ SOURCE FILE Test CMAKE_HAVE_LIBC_PTHREAD failed with the following output:
Change Dir: /home/b-da/Проекты/AndroidStudioProjects/lib/spdlog/build/x86/CMakeFiles/CMakeTmp

Run Build Command(s):/usr/bin/make -f Makefile cmTC_b99a0/fast && /usr/bin/make  -f CMakeFiles/cmTC_b99a0.dir/build.make CMakeFiles/cmTC_b99a0.dir/build
make[1]: вход в каталог «/home/b-da/Проекты/AndroidStudioProjects/lib/spdlog/build/x86/CMakeFiles/CMakeTmp»
Building CXX object CMakeFiles/cmTC_b99a0.dir/src.cxx.o
/home/b-da/Android/Sdk/ndk/21.4.7075529/toolchains/llvm/prebuilt/linux-x86_64/bin/clang++ --target=i686-none-linux-android16 --gcc-toolchain=/home/b-da/Android/Sdk/ndk/21.4.7075529/toolchains/llvm/prebuilt/linux-x86_64 --sysroot=/home/b-da/Android/Sdk/ndk/21.4.7075529/toolchains/llvm/prebuilt/linux-x86_64/sysroot -DCMAKE_HAVE_LIBC_PTHREAD  -g -DANDROID -fdata-sections -ffunction-sections -funwind-tables -fstack-protector-strong -no-canonical-prefixes -mstackrealign -D_FORTIFY_SOURCE=2 -Wformat -Werror=format-security  -DSPDLOG_COMPILED_LIB  -fPIE -std=c++11 -MD -MT CMakeFiles/cmTC_b99a0.dir/src.cxx.o -MF CMakeFiles/cmTC_b99a0.dir/src.cxx.o.d -o CMakeFiles/cmTC_b99a0.dir/src.cxx.o -c /home/b-da/Проекты/AndroidStudioProjects/lib/spdlog/build/x86/CMakeFiles/CMakeTmp/src.cxx
/home/b-da/Проекты/AndroidStudioProjects/lib/spdlog/build/x86/CMakeFiles/CMakeTmp/src.cxx:13:3: error: use of undeclared identifier 'pthread_cancel'
  pthread_cancel(thread);
  ^
1 error generated.
make[1]: *** [CMakeFiles/cmTC_b99a0.dir/build.make:79: CMakeFiles/cmTC_b99a0.dir/src.cxx.o] Ошибка 1
make[1]: выход из каталога «/home/b-da/Проекты/AndroidStudioProjects/lib/spdlog/build/x86/CMakeFiles/CMakeTmp»
make: *** [Makefile:127: cmTC_b99a0/fast] Ошибка 2


Source file was:
#include <pthread.h>

static void* test_func(void* data)
{
  return data;
}

int main(void)
{
  pthread_t thread;
  pthread_create(&thread, NULL, test_func, NULL);
  pthread_detach(thread);
  pthread_cancel(thread);
  pthread_join(thread, NULL);
  pthread_atfork(NULL, NULL, NULL);
  pthread_exit(NULL);

  return 0;
}

Determining if the function pthread_create exists in the pthreads failed with the following output:
Change Dir: /home/b-da/Проекты/AndroidStudioProjects/lib/spdlog/build/x86/CMakeFiles/CMakeTmp

Run Build Command(s):/usr/bin/make -f Makefile cmTC_9556e/fast && /usr/bin/make  -f CMakeFiles/cmTC_9556e.dir/build.make CMakeFiles/cmTC_9556e.dir/build
make[1]: вход в каталог «/home/b-da/Проекты/AndroidStudioProjects/lib/spdlog/build/x86/CMakeFiles/CMakeTmp»
Building CXX object CMakeFiles/cmTC_9556e.dir/CheckFunctionExists.cxx.o
/home/b-da/Android/Sdk/ndk/21.4.7075529/toolchains/llvm/prebuilt/linux-x86_64/bin/clang++ --target=i686-none-linux-android16 --gcc-toolchain=/home/b-da/Android/Sdk/ndk/21.4.7075529/toolchains/llvm/prebuilt/linux-x86_64 --sysroot=/home/b-da/Android/Sdk/ndk/21.4.7075529/toolchains/llvm/prebuilt/linux-x86_64/sysroot   -g -DANDROID -fdata-sections -ffunction-sections -funwind-tables -fstack-protector-strong -no-canonical-prefixes -mstackrealign -D_FORTIFY_SOURCE=2 -Wformat -Werror=format-security  -DSPDLOG_COMPILED_LIB -DCHECK_FUNCTION_EXISTS=pthread_create -fPIE -std=c++11 -MD -MT CMakeFiles/cmTC_9556e.dir/CheckFunctionExists.cxx.o -MF CMakeFiles/cmTC_9556e.dir/CheckFunctionExists.cxx.o.d -o CMakeFiles/cmTC_9556e.dir/CheckFunctionExists.cxx.o -c /home/b-da/Проекты/AndroidStudioProjects/lib/spdlog/build/x86/CMakeFiles/CheckLibraryExists/CheckFunctionExists.cxx
Linking CXX executable cmTC_9556e
/home/b-da/Android/Sdk/cmake/3.22.2/bin/cmake -E cmake_link_script CMakeFiles/cmTC_9556e.dir/link.txt --verbose=1
/home/b-da/Android/Sdk/ndk/21.4.7075529/toolchains/llvm/prebuilt/linux-x86_64/bin/clang++ --target=i686-none-linux-android16 --gcc-toolchain=/home/b-da/Android/Sdk/ndk/21.4.7075529/toolchains/llvm/prebuilt/linux-x86_64 --sysroot=/home/b-da/Android/Sdk/ndk/21.4.7075529/toolchains/llvm/prebuilt/linux-x86_64/sysroot -g -DANDROID -fdata-sections -ffunction-sections -funwind-tables -fstack-protector-strong -no-canonical-prefixes -mstackrealign -D_FORTIFY_SOURCE=2 -Wformat -Werror=format-security  -DSPDLOG_COMPILED_LIB -DCHECK_FUNCTION_EXISTS=pthread_create -Wl,--exclude-libs,libgcc.a -Wl,--exclude-libs,libgcc_real.a -Wl,--exclude-libs,libatomic.a -static-libstdc++ -Wl,--build-id -Wl,--fatal-warnings -Wl,--no-undefined -Qunused-arguments -Wl,--gc-sections   CMakeFiles/cmTC_9556e.dir/CheckFunctionExists.cxx.o -o cmTC_9556e  -lpthreads -latomic -lm 
/home/b-da/Android/Sdk/ndk/21.4.7075529/toolchains/llvm/prebuilt/linux-x86_64/lib/gcc/i686-linux-android/4.9.x/../../../../i686-linux-android/bin/ld: error: cannot find -lpthreads
clang++: error: linker command failed with exit code 1 (use -v to see invocation)
make[1]: *** [CMakeFiles/cmTC_9556e.dir/build.make:100: cmTC_9556e] Ошибка 1
make[1]: выход из каталога «/home/b-da/Проекты/AndroidStudioProjects/lib/spdlog/build/x86/CMakeFiles/CMakeTmp»
make: *** [Makefile:127: cmTC_9556e/fast] Ошибка 2



Determining if the function pthread_create exists in the pthread failed with the following output:
Change Dir: /home/b-da/Проекты/AndroidStudioProjects/lib/spdlog/build/x86/CMakeFiles/CMakeTmp

Run Build Command(s):/usr/bin/make -f Makefile cmTC_72497/fast && /usr/bin/make  -f CMakeFiles/cmTC_72497.dir/build.make CMakeFiles/cmTC_72497.dir/build
make[1]: вход в каталог «/home/b-da/Проекты/AndroidStudioProjects/lib/spdlog/build/x86/CMakeFiles/CMakeTmp»
Building CXX object CMakeFiles/cmTC_72497.dir/CheckFunctionExists.cxx.o
/home/b-da/Android/Sdk/ndk/21.4.7075529/toolchains/llvm/prebuilt/linux-x86_64/bin/clang++ --target=i686-none-linux-android16 --gcc-toolchain=/home/b-da/Android/Sdk/ndk/21.4.7075529/toolchains/llvm/prebuilt/linux-x86_64 --sysroot=/home/b-da/Android/Sdk/ndk/21.4.7075529/toolchains/llvm/prebuilt/linux-x86_64/sysroot   -g -DANDROID -fdata-sections -ffunction-sections -funwind-tables -fstack-protector-strong -no-canonical-prefixes -mstackrealign -D_FORTIFY_SOURCE=2 -Wformat -Werror=format-security  -DSPDLOG_COMPILED_LIB -DCHECK_FUNCTION_EXISTS=pthread_create -fPIE -std=c++11 -MD -MT CMakeFiles/cmTC_72497.dir/CheckFunctionExists.cxx.o -MF CMakeFiles/cmTC_72497.dir/CheckFunctionExists.cxx.o.d -o CMakeFiles/cmTC_72497.dir/CheckFunctionExists.cxx.o -c /home/b-da/Проекты/AndroidStudioProjects/lib/spdlog/build/x86/CMakeFiles/CheckLibraryExists/CheckFunctionExists.cxx
Linking CXX executable cmTC_72497
/home/b-da/Android/Sdk/cmake/3.22.2/bin/cmake -E cmake_link_script CMakeFiles/cmTC_72497.dir/link.txt --verbose=1
/home/b-da/Android/Sdk/ndk/21.4.7075529/toolchains/llvm/prebuilt/linux-x86_64/bin/clang++ --target=i686-none-linux-android16 --gcc-toolchain=/home/b-da/Android/Sdk/ndk/21.4.7075529/toolchains/llvm/prebuilt/linux-x86_64 --sysroot=/home/b-da/Android/Sdk/ndk/21.4.7075529/toolchains/llvm/prebuilt/linux-x86_64/sysroot -g -DANDROID -fdata-sections -ffunction-sections -funwind-tables -fstack-protector-strong -no-canonical-prefixes -mstackrealign -D_FORTIFY_SOURCE=2 -Wformat -Werror=format-security  -DSPDLOG_COMPILED_LIB -DCHECK_FUNCTION_EXISTS=pthread_create -Wl,--exclude-libs,libgcc.a -Wl,--exclude-libs,libgcc_real.a -Wl,--exclude-libs,libatomic.a -static-libstdc++ -Wl,--build-id -Wl,--fatal-warnings -Wl,--no-undefined -Qunused-arguments -Wl,--gc-sections   CMakeFiles/cmTC_72497.dir/CheckFunctionExists.cxx.o -o cmTC_72497  -lpthread -latomic -lm 
/home/b-da/Android/Sdk/ndk/21.4.7075529/toolchains/llvm/prebuilt/linux-x86_64/lib/gcc/i686-linux-android/4.9.x/../../../../i686-linux-android/bin/ld: error: cannot find -lpthread
clang++: error: linker command failed with exit code 1 (use -v to see invocation)
make[1]: *** [CMakeFiles/cmTC_72497.dir/build.make:100: cmTC_72497] Ошибка 1
make[1]: выход из каталога «/home/b-da/Проекты/AndroidStudioProjects/lib/spdlog/build/x86/CMakeFiles/CMakeTmp»
make: *** [Makefile:127: cmTC_72497/fast] Ошибка 2



