Performing C SOURCE FILE Test CMAKE_HAVE_LIBC_PTHREAD failed with the following output:
Change Dir: /home/b-da/Проекты/AndroidStudioProjects/lib/mbedtls/build/x86/CMakeFiles/CMakeTmp

Run Build Command(s):/usr/bin/make -f Makefile cmTC_7caf7/fast && /usr/bin/make  -f CMakeFiles/cmTC_7caf7.dir/build.make CMakeFiles/cmTC_7caf7.dir/build
make[1]: вход в каталог «/home/b-da/Проекты/AndroidStudioProjects/lib/mbedtls/build/x86/CMakeFiles/CMakeTmp»
Building C object CMakeFiles/cmTC_7caf7.dir/src.c.o
/home/b-da/Android/Sdk/ndk/21.4.7075529/toolchains/llvm/prebuilt/linux-x86_64/bin/clang --target=i686-none-linux-android16 --gcc-toolchain=/home/b-da/Android/Sdk/ndk/21.4.7075529/toolchains/llvm/prebuilt/linux-x86_64 --sysroot=/home/b-da/Android/Sdk/ndk/21.4.7075529/toolchains/llvm/prebuilt/linux-x86_64/sysroot -DCMAKE_HAVE_LIBC_PTHREAD  -g -DANDROID -fdata-sections -ffunction-sections -funwind-tables -fstack-protector-strong -no-canonical-prefixes -mstackrealign -D_FORTIFY_SOURCE=2 -Wformat -Werror=format-security  -Wall -Wextra -Wwrite-strings -Wpointer-arith -Wimplicit-fallthrough -Wshadow -Wvla -Wformat=2 -Wno-format-nonliteral -Werror  -fPIE -MD -MT CMakeFiles/cmTC_7caf7.dir/src.c.o -MF CMakeFiles/cmTC_7caf7.dir/src.c.o.d -o CMakeFiles/cmTC_7caf7.dir/src.c.o -c /home/b-da/Проекты/AndroidStudioProjects/lib/mbedtls/build/x86/CMakeFiles/CMakeTmp/src.c
/home/b-da/Проекты/AndroidStudioProjects/lib/mbedtls/build/x86/CMakeFiles/CMakeTmp/src.c:13:3: error: implicit declaration of function 'pthread_cancel' is invalid in C99 [-Werror,-Wimplicit-function-declaration]
  pthread_cancel(thread);
  ^
/home/b-da/Проекты/AndroidStudioProjects/lib/mbedtls/build/x86/CMakeFiles/CMakeTmp/src.c:13:3: note: did you mean 'pthread_once'?
/home/b-da/Android/Sdk/ndk/21.4.7075529/toolchains/llvm/prebuilt/linux-x86_64/sysroot/usr/include/pthread.h:275:5: note: 'pthread_once' declared here
int pthread_once(pthread_once_t* __once, void (*__init_routine)(void));
    ^
1 error generated.
make[1]: *** [CMakeFiles/cmTC_7caf7.dir/build.make:79: CMakeFiles/cmTC_7caf7.dir/src.c.o] Ошибка 1
make[1]: выход из каталога «/home/b-da/Проекты/AndroidStudioProjects/lib/mbedtls/build/x86/CMakeFiles/CMakeTmp»
make: *** [Makefile:127: cmTC_7caf7/fast] Ошибка 2


Source file was:
#include <pthread.h>

static void* test_func(void* data)
{
  return data;
}

int main(void)
{
  pthread_t thread;
  pthread_create(&thread, NULL, test_func, NULL);
  pthread_detach(thread);
  pthread_cancel(thread);
  pthread_join(thread, NULL);
  pthread_atfork(NULL, NULL, NULL);
  pthread_exit(NULL);

  return 0;
}

Determining if the function pthread_create exists in the pthreads failed with the following output:
Change Dir: /home/b-da/Проекты/AndroidStudioProjects/lib/mbedtls/build/x86/CMakeFiles/CMakeTmp

Run Build Command(s):/usr/bin/make -f Makefile cmTC_ec9ca/fast && /usr/bin/make  -f CMakeFiles/cmTC_ec9ca.dir/build.make CMakeFiles/cmTC_ec9ca.dir/build
make[1]: вход в каталог «/home/b-da/Проекты/AndroidStudioProjects/lib/mbedtls/build/x86/CMakeFiles/CMakeTmp»
Building C object CMakeFiles/cmTC_ec9ca.dir/CheckFunctionExists.c.o
/home/b-da/Android/Sdk/ndk/21.4.7075529/toolchains/llvm/prebuilt/linux-x86_64/bin/clang --target=i686-none-linux-android16 --gcc-toolchain=/home/b-da/Android/Sdk/ndk/21.4.7075529/toolchains/llvm/prebuilt/linux-x86_64 --sysroot=/home/b-da/Android/Sdk/ndk/21.4.7075529/toolchains/llvm/prebuilt/linux-x86_64/sysroot   -g -DANDROID -fdata-sections -ffunction-sections -funwind-tables -fstack-protector-strong -no-canonical-prefixes -mstackrealign -D_FORTIFY_SOURCE=2 -Wformat -Werror=format-security  -Wall -Wextra -Wwrite-strings -Wpointer-arith -Wimplicit-fallthrough -Wshadow -Wvla -Wformat=2 -Wno-format-nonliteral -Werror -DCHECK_FUNCTION_EXISTS=pthread_create -fPIE -MD -MT CMakeFiles/cmTC_ec9ca.dir/CheckFunctionExists.c.o -MF CMakeFiles/cmTC_ec9ca.dir/CheckFunctionExists.c.o.d -o CMakeFiles/cmTC_ec9ca.dir/CheckFunctionExists.c.o -c /home/b-da/Android/Sdk/cmake/3.22.2/share/cmake-3.22/Modules/CheckFunctionExists.c
/home/b-da/Android/Sdk/cmake/3.22.2/share/cmake-3.22/Modules/CheckFunctionExists.c:7:3: error: declaration of built-in function 'pthread_create' requires inclusion of the header <pthread.h> [-Werror,-Wbuiltin-requires-header]
  CHECK_FUNCTION_EXISTS(void);
  ^
<command line>:3:31: note: expanded from here
#define CHECK_FUNCTION_EXISTS pthread_create
                              ^
1 error generated.
make[1]: *** [CMakeFiles/cmTC_ec9ca.dir/build.make:79: CMakeFiles/cmTC_ec9ca.dir/CheckFunctionExists.c.o] Ошибка 1
make[1]: выход из каталога «/home/b-da/Проекты/AndroidStudioProjects/lib/mbedtls/build/x86/CMakeFiles/CMakeTmp»
make: *** [Makefile:127: cmTC_ec9ca/fast] Ошибка 2



Determining if the function pthread_create exists in the pthread failed with the following output:
Change Dir: /home/b-da/Проекты/AndroidStudioProjects/lib/mbedtls/build/x86/CMakeFiles/CMakeTmp

Run Build Command(s):/usr/bin/make -f Makefile cmTC_b0655/fast && /usr/bin/make  -f CMakeFiles/cmTC_b0655.dir/build.make CMakeFiles/cmTC_b0655.dir/build
make[1]: вход в каталог «/home/b-da/Проекты/AndroidStudioProjects/lib/mbedtls/build/x86/CMakeFiles/CMakeTmp»
Building C object CMakeFiles/cmTC_b0655.dir/CheckFunctionExists.c.o
/home/b-da/Android/Sdk/ndk/21.4.7075529/toolchains/llvm/prebuilt/linux-x86_64/bin/clang --target=i686-none-linux-android16 --gcc-toolchain=/home/b-da/Android/Sdk/ndk/21.4.7075529/toolchains/llvm/prebuilt/linux-x86_64 --sysroot=/home/b-da/Android/Sdk/ndk/21.4.7075529/toolchains/llvm/prebuilt/linux-x86_64/sysroot   -g -DANDROID -fdata-sections -ffunction-sections -funwind-tables -fstack-protector-strong -no-canonical-prefixes -mstackrealign -D_FORTIFY_SOURCE=2 -Wformat -Werror=format-security  -Wall -Wextra -Wwrite-strings -Wpointer-arith -Wimplicit-fallthrough -Wshadow -Wvla -Wformat=2 -Wno-format-nonliteral -Werror -DCHECK_FUNCTION_EXISTS=pthread_create -fPIE -MD -MT CMakeFiles/cmTC_b0655.dir/CheckFunctionExists.c.o -MF CMakeFiles/cmTC_b0655.dir/CheckFunctionExists.c.o.d -o CMakeFiles/cmTC_b0655.dir/CheckFunctionExists.c.o -c /home/b-da/Android/Sdk/cmake/3.22.2/share/cmake-3.22/Modules/CheckFunctionExists.c
/home/b-da/Android/Sdk/cmake/3.22.2/share/cmake-3.22/Modules/CheckFunctionExists.c:7:3: error: declaration of built-in function 'pthread_create' requires inclusion of the header <pthread.h> [-Werror,-Wbuiltin-requires-header]
  CHECK_FUNCTION_EXISTS(void);
  ^
<command line>:3:31: note: expanded from here
#define CHECK_FUNCTION_EXISTS pthread_create
                              ^
1 error generated.
make[1]: *** [CMakeFiles/cmTC_b0655.dir/build.make:79: CMakeFiles/cmTC_b0655.dir/CheckFunctionExists.c.o] Ошибка 1
make[1]: выход из каталога «/home/b-da/Проекты/AndroidStudioProjects/lib/mbedtls/build/x86/CMakeFiles/CMakeTmp»
make: *** [Makefile:127: cmTC_b0655/fast] Ошибка 2



